<?xml version="1.0" encoding="UTF-8"?>
<testsuite xmlns:xsi="http://www.w3.org/2001/XMLSchema-instance" xsi:noNamespaceSchemaLocation="https://maven.apache.org/surefire/maven-surefire-plugin/xsd/surefire-test-report-3.0.xsd" version="3.0" name="TestSuite" time="1,805.821" tests="11" errors="0" skipped="0" failures="0">
  <properties>
    <property name="sun.desktop" value="windows"/>
    <property name="awt.toolkit" value="sun.awt.windows.WToolkit"/>
    <property name="java.specification.version" value="11"/>
    <property name="webdriver.chrome.driver" value="C:\Users\nagababu.parepalli\eclipse-workspace\RmsCustomerPortal\src\main\java\Resources\chromedriver.exe"/>
    <property name="sun.cpu.isalist" value="amd64"/>
    <property name="sun.jnu.encoding" value="Cp1252"/>
    <property name="java.class.path" value="C:\Users\nagababu.parepalli\eclipse-workspace\RmsCustomerPortal\target\test-classes;C:\Users\nagababu.parepalli\eclipse-workspace\RmsCustomerPortal\target\classes;C:\Users\nagababu.parepalli\.m2\repository\org\seleniumhq\selenium\selenium-java\3.141.59\selenium-java-3.141.59.jar;C:\Users\nagababu.parepalli\.m2\repository\org\seleniumhq\selenium\selenium-api\3.141.59\selenium-api-3.141.59.jar;C:\Users\nagababu.parepalli\.m2\repository\org\seleniumhq\selenium\selenium-chrome-driver\3.141.59\selenium-chrome-driver-3.141.59.jar;C:\Users\nagababu.parepalli\.m2\repository\org\seleniumhq\selenium\selenium-edge-driver\3.141.59\selenium-edge-driver-3.141.59.jar;C:\Users\nagababu.parepalli\.m2\repository\org\seleniumhq\selenium\selenium-firefox-driver\3.141.59\selenium-firefox-driver-3.141.59.jar;C:\Users\nagababu.parepalli\.m2\repository\org\seleniumhq\selenium\selenium-ie-driver\3.141.59\selenium-ie-driver-3.141.59.jar;C:\Users\nagababu.parepalli\.m2\repository\org\seleniumhq\selenium\selenium-opera-driver\3.141.59\selenium-opera-driver-3.141.59.jar;C:\Users\nagababu.parepalli\.m2\repository\org\seleniumhq\selenium\selenium-remote-driver\3.141.59\selenium-remote-driver-3.141.59.jar;C:\Users\nagababu.parepalli\.m2\repository\org\seleniumhq\selenium\selenium-safari-driver\3.141.59\selenium-safari-driver-3.141.59.jar;C:\Users\nagababu.parepalli\.m2\repository\org\seleniumhq\selenium\selenium-support\3.141.59\selenium-support-3.141.59.jar;C:\Users\nagababu.parepalli\.m2\repository\net\bytebuddy\byte-buddy\1.8.15\byte-buddy-1.8.15.jar;C:\Users\nagababu.parepalli\.m2\repository\org\apache\commons\commons-exec\1.3\commons-exec-1.3.jar;C:\Users\nagababu.parepalli\.m2\repository\com\google\guava\guava\25.0-jre\guava-25.0-jre.jar;C:\Users\nagababu.parepalli\.m2\repository\com\google\code\findbugs\jsr305\1.3.9\jsr305-1.3.9.jar;C:\Users\nagababu.parepalli\.m2\repository\org\checkerframework\checker-compat-qual\2.0.0\checker-compat-qual-2.0.0.jar;C:\Users\nagababu.parepalli\.m2\repository\com\google\errorprone\error_prone_annotations\2.1.3\error_prone_annotations-2.1.3.jar;C:\Users\nagababu.parepalli\.m2\repository\com\google\j2objc\j2objc-annotations\1.1\j2objc-annotations-1.1.jar;C:\Users\nagababu.parepalli\.m2\repository\org\codehaus\mojo\animal-sniffer-annotations\1.14\animal-sniffer-annotations-1.14.jar;C:\Users\nagababu.parepalli\.m2\repository\com\squareup\okhttp3\okhttp\3.11.0\okhttp-3.11.0.jar;C:\Users\nagababu.parepalli\.m2\repository\com\squareup\okio\okio\1.14.0\okio-1.14.0.jar;C:\Users\nagababu.parepalli\.m2\repository\org\testng\testng\7.4.0\testng-7.4.0.jar;C:\Users\nagababu.parepalli\.m2\repository\com\beust\jcommander\1.78\jcommander-1.78.jar;C:\Users\nagababu.parepalli\.m2\repository\org\webjars\jquery\3.5.1\jquery-3.5.1.jar;C:\Users\nagababu.parepalli\.m2\repository\junit\junit\4.11\junit-4.11.jar;C:\Users\nagababu.parepalli\.m2\repository\org\hamcrest\hamcrest-core\1.3\hamcrest-core-1.3.jar;C:\Users\nagababu.parepalli\.m2\repository\commons-io\commons-io\2.11.0\commons-io-2.11.0.jar;C:\Users\nagababu.parepalli\.m2\repository\com\aventstack\extentreports\5.0.8\extentreports-5.0.8.jar;C:\Users\nagababu.parepalli\.m2\repository\io\reactivex\rxjava3\rxjava\3.0.4\rxjava-3.0.4.jar;C:\Users\nagababu.parepalli\.m2\repository\org\reactivestreams\reactive-streams\1.0.3\reactive-streams-1.0.3.jar;C:\Users\nagababu.parepalli\.m2\repository\org\freemarker\freemarker\2.3.30\freemarker-2.3.30.jar;C:\Users\nagababu.parepalli\.m2\repository\org\projectlombok\lombok\1.18.12\lombok-1.18.12.jar;C:\Users\nagababu.parepalli\.m2\repository\com\google\code\gson\gson\2.8.6\gson-2.8.6.jar;C:\Users\nagababu.parepalli\.m2\repository\org\apache\poi\poi\5.0.0\poi-5.0.0.jar;C:\Users\nagababu.parepalli\.m2\repository\org\slf4j\slf4j-api\1.7.30\slf4j-api-1.7.30.jar;C:\Users\nagababu.parepalli\.m2\repository\org\slf4j\jcl-over-slf4j\1.7.30\jcl-over-slf4j-1.7.30.jar;C:\Users\nagababu.parepalli\.m2\repository\commons-codec\commons-codec\1.15\commons-codec-1.15.jar;C:\Users\nagababu.parepalli\.m2\repository\org\apache\commons\commons-collections4\4.4\commons-collections4-4.4.jar;C:\Users\nagababu.parepalli\.m2\repository\org\apache\commons\commons-math3\3.6.1\commons-math3-3.6.1.jar;C:\Users\nagababu.parepalli\.m2\repository\com\zaxxer\SparseBitSet\1.2\SparseBitSet-1.2.jar;C:\Users\nagababu.parepalli\.m2\repository\org\apache\poi\poi-ooxml\5.0.0\poi-ooxml-5.0.0.jar;C:\Users\nagababu.parepalli\.m2\repository\org\apache\poi\poi-ooxml-lite\5.0.0\poi-ooxml-lite-5.0.0.jar;C:\Users\nagababu.parepalli\.m2\repository\org\apache\xmlbeans\xmlbeans\4.0.0\xmlbeans-4.0.0.jar;C:\Users\nagababu.parepalli\.m2\repository\org\apache\commons\commons-compress\1.20\commons-compress-1.20.jar;C:\Users\nagababu.parepalli\.m2\repository\com\github\virtuald\curvesapi\1.06\curvesapi-1.06.jar;C:\Users\nagababu.parepalli\.m2\repository\org\bouncycastle\bcpkix-jdk15on\1.68\bcpkix-jdk15on-1.68.jar;C:\Users\nagababu.parepalli\.m2\repository\org\bouncycastle\bcprov-jdk15on\1.68\bcprov-jdk15on-1.68.jar;C:\Users\nagababu.parepalli\.m2\repository\org\apache\santuario\xmlsec\2.2.1\xmlsec-2.2.1.jar;C:\Users\nagababu.parepalli\.m2\repository\com\fasterxml\woodstox\woodstox-core\5.2.1\woodstox-core-5.2.1.jar;C:\Users\nagababu.parepalli\.m2\repository\org\codehaus\woodstox\stax2-api\4.2\stax2-api-4.2.jar;C:\Users\nagababu.parepalli\.m2\repository\jakarta\xml\bind\jakarta.xml.bind-api\2.3.2\jakarta.xml.bind-api-2.3.2.jar;C:\Users\nagababu.parepalli\.m2\repository\jakarta\activation\jakarta.activation-api\1.2.1\jakarta.activation-api-1.2.1.jar;C:\Users\nagababu.parepalli\.m2\repository\org\apache\xmlgraphics\batik-all\1.13\batik-all-1.13.jar;C:\Users\nagababu.parepalli\.m2\repository\org\apache\xmlgraphics\batik-anim\1.13\batik-anim-1.13.jar;C:\Users\nagababu.parepalli\.m2\repository\org\apache\xmlgraphics\batik-shared-resources\1.13\batik-shared-resources-1.13.jar;C:\Users\nagababu.parepalli\.m2\repository\xml-apis\xml-apis-ext\1.3.04\xml-apis-ext-1.3.04.jar;C:\Users\nagababu.parepalli\.m2\repository\org\apache\xmlgraphics\batik-awt-util\1.13\batik-awt-util-1.13.jar;C:\Users\nagababu.parepalli\.m2\repository\org\apache\xmlgraphics\xmlgraphics-commons\2.4\xmlgraphics-commons-2.4.jar;C:\Users\nagababu.parepalli\.m2\repository\org\apache\xmlgraphics\batik-bridge\1.13\batik-bridge-1.13.jar;C:\Users\nagababu.parepalli\.m2\repository\org\apache\xmlgraphics\batik-codec\1.13\batik-codec-1.13.jar;C:\Users\nagababu.parepalli\.m2\repository\org\apache\xmlgraphics\batik-constants\1.13\batik-constants-1.13.jar;C:\Users\nagababu.parepalli\.m2\repository\org\apache\xmlgraphics\batik-css\1.13\batik-css-1.13.jar;C:\Users\nagababu.parepalli\.m2\repository\org\apache\xmlgraphics\batik-dom\1.13\batik-dom-1.13.jar;C:\Users\nagababu.parepalli\.m2\repository\xalan\xalan\2.7.2\xalan-2.7.2.jar;C:\Users\nagababu.parepalli\.m2\repository\xalan\serializer\2.7.2\serializer-2.7.2.jar;C:\Users\nagababu.parepalli\.m2\repository\xml-apis\xml-apis\1.4.01\xml-apis-1.4.01.jar;C:\Users\nagababu.parepalli\.m2\repository\org\apache\xmlgraphics\batik-ext\1.13\batik-ext-1.13.jar;C:\Users\nagababu.parepalli\.m2\repository\org\apache\xmlgraphics\batik-extension\1.13\batik-extension-1.13.jar;C:\Users\nagababu.parepalli\.m2\repository\org\apache\xmlgraphics\batik-gui-util\1.13\batik-gui-util-1.13.jar;C:\Users\nagababu.parepalli\.m2\repository\org\apache\xmlgraphics\batik-gvt\1.13\batik-gvt-1.13.jar;C:\Users\nagababu.parepalli\.m2\repository\org\apache\xmlgraphics\batik-i18n\1.13\batik-i18n-1.13.jar;C:\Users\nagababu.parepalli\.m2\repository\org\apache\xmlgraphics\batik-parser\1.13\batik-parser-1.13.jar;C:\Users\nagababu.parepalli\.m2\repository\org\apache\xmlgraphics\batik-rasterizer-ext\1.13\batik-rasterizer-ext-1.13.jar;C:\Users\nagababu.parepalli\.m2\repository\org\apache\xmlgraphics\batik-rasterizer\1.13\batik-rasterizer-1.13.jar;C:\Users\nagababu.parepalli\.m2\repository\org\apache\xmlgraphics\batik-script\1.13\batik-script-1.13.jar;C:\Users\nagababu.parepalli\.m2\repository\org\apache\xmlgraphics\batik-slideshow\1.13\batik-slideshow-1.13.jar;C:\Users\nagababu.parepalli\.m2\repository\org\apache\xmlgraphics\batik-squiggle-ext\1.13\batik-squiggle-ext-1.13.jar;C:\Users\nagababu.parepalli\.m2\repository\org\apache\xmlgraphics\batik-squiggle\1.13\batik-squiggle-1.13.jar;C:\Users\nagababu.parepalli\.m2\repository\org\apache\xmlgraphics\batik-svg-dom\1.13\batik-svg-dom-1.13.jar;C:\Users\nagababu.parepalli\.m2\repository\org\apache\xmlgraphics\batik-svgbrowser\1.13\batik-svgbrowser-1.13.jar;C:\Users\nagababu.parepalli\.m2\repository\org\apache\xmlgraphics\batik-svggen\1.13\batik-svggen-1.13.jar;C:\Users\nagababu.parepalli\.m2\repository\org\apache\xmlgraphics\batik-svgpp\1.13\batik-svgpp-1.13.jar;C:\Users\nagababu.parepalli\.m2\repository\org\apache\xmlgraphics\batik-svgrasterizer\1.13\batik-svgrasterizer-1.13.jar;C:\Users\nagababu.parepalli\.m2\repository\org\apache\xmlgraphics\batik-swing\1.13\batik-swing-1.13.jar;C:\Users\nagababu.parepalli\.m2\repository\org\apache\xmlgraphics\batik-transcoder\1.13\batik-transcoder-1.13.jar;C:\Users\nagababu.parepalli\.m2\repository\org\apache\xmlgraphics\batik-util\1.13\batik-util-1.13.jar;C:\Users\nagababu.parepalli\.m2\repository\org\apache\xmlgraphics\batik-ttf2svg\1.13\batik-ttf2svg-1.13.jar;C:\Users\nagababu.parepalli\.m2\repository\org\apache\xmlgraphics\batik-xml\1.13\batik-xml-1.13.jar;C:\Users\nagababu.parepalli\.m2\repository\de\rototor\pdfbox\graphics2d\0.30\graphics2d-0.30.jar;C:\Users\nagababu.parepalli\.m2\repository\org\apache\pdfbox\pdfbox\2.0.22\pdfbox-2.0.22.jar;C:\Users\nagababu.parepalli\.m2\repository\org\apache\pdfbox\fontbox\2.0.22\fontbox-2.0.22.jar;C:\Users\nagababu.parepalli\.m2\repository\org\apache\poi\poi-scratchpad\5.0.0\poi-scratchpad-5.0.0.jar;"/>
    <property name="java.vm.vendor" value="Amazon.com Inc."/>
    <property name="sun.arch.data.model" value="64"/>
    <property name="user.variant" value=""/>
    <property name="java.vendor.url" value="https://aws.amazon.com/corretto/"/>
    <property name="user.timezone" value="Asia/Calcutta"/>
    <property name="java.vm.specification.version" value="11"/>
    <property name="os.name" value="Windows 10"/>
    <property name="sun.java.launcher" value="SUN_STANDARD"/>
    <property name="user.country" value="IN"/>
    <property name="sun.boot.library.path" value="C:\Program Files\Amazon Corretto\jdk11.0.8_10\bin"/>
    <property name="sun.java.command" value="C:\Users\nagababu.parepalli\AppData\Local\Temp\surefire230751512389319909\surefirebooter7031783344677225760.jar C:\Users\nagababu.parepalli\AppData\Local\Temp\surefire230751512389319909 2021-11-03T13-08-30_718-jvmRun1 surefire8983461632328133128tmp surefire_018416406510130213731tmp"/>
    <property name="jdk.debug" value="release"/>
    <property name="surefire.test.class.path" value="C:\Users\nagababu.parepalli\eclipse-workspace\RmsCustomerPortal\target\test-classes;C:\Users\nagababu.parepalli\eclipse-workspace\RmsCustomerPortal\target\classes;C:\Users\nagababu.parepalli\.m2\repository\org\seleniumhq\selenium\selenium-java\3.141.59\selenium-java-3.141.59.jar;C:\Users\nagababu.parepalli\.m2\repository\org\seleniumhq\selenium\selenium-api\3.141.59\selenium-api-3.141.59.jar;C:\Users\nagababu.parepalli\.m2\repository\org\seleniumhq\selenium\selenium-chrome-driver\3.141.59\selenium-chrome-driver-3.141.59.jar;C:\Users\nagababu.parepalli\.m2\repository\org\seleniumhq\selenium\selenium-edge-driver\3.141.59\selenium-edge-driver-3.141.59.jar;C:\Users\nagababu.parepalli\.m2\repository\org\seleniumhq\selenium\selenium-firefox-driver\3.141.59\selenium-firefox-driver-3.141.59.jar;C:\Users\nagababu.parepalli\.m2\repository\org\seleniumhq\selenium\selenium-ie-driver\3.141.59\selenium-ie-driver-3.141.59.jar;C:\Users\nagababu.parepalli\.m2\repository\org\seleniumhq\selenium\selenium-opera-driver\3.141.59\selenium-opera-driver-3.141.59.jar;C:\Users\nagababu.parepalli\.m2\repository\org\seleniumhq\selenium\selenium-remote-driver\3.141.59\selenium-remote-driver-3.141.59.jar;C:\Users\nagababu.parepalli\.m2\repository\org\seleniumhq\selenium\selenium-safari-driver\3.141.59\selenium-safari-driver-3.141.59.jar;C:\Users\nagababu.parepalli\.m2\repository\org\seleniumhq\selenium\selenium-support\3.141.59\selenium-support-3.141.59.jar;C:\Users\nagababu.parepalli\.m2\repository\net\bytebuddy\byte-buddy\1.8.15\byte-buddy-1.8.15.jar;C:\Users\nagababu.parepalli\.m2\repository\org\apache\commons\commons-exec\1.3\commons-exec-1.3.jar;C:\Users\nagababu.parepalli\.m2\repository\com\google\guava\guava\25.0-jre\guava-25.0-jre.jar;C:\Users\nagababu.parepalli\.m2\repository\com\google\code\findbugs\jsr305\1.3.9\jsr305-1.3.9.jar;C:\Users\nagababu.parepalli\.m2\repository\org\checkerframework\checker-compat-qual\2.0.0\checker-compat-qual-2.0.0.jar;C:\Users\nagababu.parepalli\.m2\repository\com\google\errorprone\error_prone_annotations\2.1.3\error_prone_annotations-2.1.3.jar;C:\Users\nagababu.parepalli\.m2\repository\com\google\j2objc\j2objc-annotations\1.1\j2objc-annotations-1.1.jar;C:\Users\nagababu.parepalli\.m2\repository\org\codehaus\mojo\animal-sniffer-annotations\1.14\animal-sniffer-annotations-1.14.jar;C:\Users\nagababu.parepalli\.m2\repository\com\squareup\okhttp3\okhttp\3.11.0\okhttp-3.11.0.jar;C:\Users\nagababu.parepalli\.m2\repository\com\squareup\okio\okio\1.14.0\okio-1.14.0.jar;C:\Users\nagababu.parepalli\.m2\repository\org\testng\testng\7.4.0\testng-7.4.0.jar;C:\Users\nagababu.parepalli\.m2\repository\com\beust\jcommander\1.78\jcommander-1.78.jar;C:\Users\nagababu.parepalli\.m2\repository\org\webjars\jquery\3.5.1\jquery-3.5.1.jar;C:\Users\nagababu.parepalli\.m2\repository\junit\junit\4.11\junit-4.11.jar;C:\Users\nagababu.parepalli\.m2\repository\org\hamcrest\hamcrest-core\1.3\hamcrest-core-1.3.jar;C:\Users\nagababu.parepalli\.m2\repository\commons-io\commons-io\2.11.0\commons-io-2.11.0.jar;C:\Users\nagababu.parepalli\.m2\repository\com\aventstack\extentreports\5.0.8\extentreports-5.0.8.jar;C:\Users\nagababu.parepalli\.m2\repository\io\reactivex\rxjava3\rxjava\3.0.4\rxjava-3.0.4.jar;C:\Users\nagababu.parepalli\.m2\repository\org\reactivestreams\reactive-streams\1.0.3\reactive-streams-1.0.3.jar;C:\Users\nagababu.parepalli\.m2\repository\org\freemarker\freemarker\2.3.30\freemarker-2.3.30.jar;C:\Users\nagababu.parepalli\.m2\repository\org\projectlombok\lombok\1.18.12\lombok-1.18.12.jar;C:\Users\nagababu.parepalli\.m2\repository\com\google\code\gson\gson\2.8.6\gson-2.8.6.jar;C:\Users\nagababu.parepalli\.m2\repository\org\apache\poi\poi\5.0.0\poi-5.0.0.jar;C:\Users\nagababu.parepalli\.m2\repository\org\slf4j\slf4j-api\1.7.30\slf4j-api-1.7.30.jar;C:\Users\nagababu.parepalli\.m2\repository\org\slf4j\jcl-over-slf4j\1.7.30\jcl-over-slf4j-1.7.30.jar;C:\Users\nagababu.parepalli\.m2\repository\commons-codec\commons-codec\1.15\commons-codec-1.15.jar;C:\Users\nagababu.parepalli\.m2\repository\org\apache\commons\commons-collections4\4.4\commons-collections4-4.4.jar;C:\Users\nagababu.parepalli\.m2\repository\org\apache\commons\commons-math3\3.6.1\commons-math3-3.6.1.jar;C:\Users\nagababu.parepalli\.m2\repository\com\zaxxer\SparseBitSet\1.2\SparseBitSet-1.2.jar;C:\Users\nagababu.parepalli\.m2\repository\org\apache\poi\poi-ooxml\5.0.0\poi-ooxml-5.0.0.jar;C:\Users\nagababu.parepalli\.m2\repository\org\apache\poi\poi-ooxml-lite\5.0.0\poi-ooxml-lite-5.0.0.jar;C:\Users\nagababu.parepalli\.m2\repository\org\apache\xmlbeans\xmlbeans\4.0.0\xmlbeans-4.0.0.jar;C:\Users\nagababu.parepalli\.m2\repository\org\apache\commons\commons-compress\1.20\commons-compress-1.20.jar;C:\Users\nagababu.parepalli\.m2\repository\com\github\virtuald\curvesapi\1.06\curvesapi-1.06.jar;C:\Users\nagababu.parepalli\.m2\repository\org\bouncycastle\bcpkix-jdk15on\1.68\bcpkix-jdk15on-1.68.jar;C:\Users\nagababu.parepalli\.m2\repository\org\bouncycastle\bcprov-jdk15on\1.68\bcprov-jdk15on-1.68.jar;C:\Users\nagababu.parepalli\.m2\repository\org\apache\santuario\xmlsec\2.2.1\xmlsec-2.2.1.jar;C:\Users\nagababu.parepalli\.m2\repository\com\fasterxml\woodstox\woodstox-core\5.2.1\woodstox-core-5.2.1.jar;C:\Users\nagababu.parepalli\.m2\repository\org\codehaus\woodstox\stax2-api\4.2\stax2-api-4.2.jar;C:\Users\nagababu.parepalli\.m2\repository\jakarta\xml\bind\jakarta.xml.bind-api\2.3.2\jakarta.xml.bind-api-2.3.2.jar;C:\Users\nagababu.parepalli\.m2\repository\jakarta\activation\jakarta.activation-api\1.2.1\jakarta.activation-api-1.2.1.jar;C:\Users\nagababu.parepalli\.m2\repository\org\apache\xmlgraphics\batik-all\1.13\batik-all-1.13.jar;C:\Users\nagababu.parepalli\.m2\repository\org\apache\xmlgraphics\batik-anim\1.13\batik-anim-1.13.jar;C:\Users\nagababu.parepalli\.m2\repository\org\apache\xmlgraphics\batik-shared-resources\1.13\batik-shared-resources-1.13.jar;C:\Users\nagababu.parepalli\.m2\repository\xml-apis\xml-apis-ext\1.3.04\xml-apis-ext-1.3.04.jar;C:\Users\nagababu.parepalli\.m2\repository\org\apache\xmlgraphics\batik-awt-util\1.13\batik-awt-util-1.13.jar;C:\Users\nagababu.parepalli\.m2\repository\org\apache\xmlgraphics\xmlgraphics-commons\2.4\xmlgraphics-commons-2.4.jar;C:\Users\nagababu.parepalli\.m2\repository\org\apache\xmlgraphics\batik-bridge\1.13\batik-bridge-1.13.jar;C:\Users\nagababu.parepalli\.m2\repository\org\apache\xmlgraphics\batik-codec\1.13\batik-codec-1.13.jar;C:\Users\nagababu.parepalli\.m2\repository\org\apache\xmlgraphics\batik-constants\1.13\batik-constants-1.13.jar;C:\Users\nagababu.parepalli\.m2\repository\org\apache\xmlgraphics\batik-css\1.13\batik-css-1.13.jar;C:\Users\nagababu.parepalli\.m2\repository\org\apache\xmlgraphics\batik-dom\1.13\batik-dom-1.13.jar;C:\Users\nagababu.parepalli\.m2\repository\xalan\xalan\2.7.2\xalan-2.7.2.jar;C:\Users\nagababu.parepalli\.m2\repository\xalan\serializer\2.7.2\serializer-2.7.2.jar;C:\Users\nagababu.parepalli\.m2\repository\xml-apis\xml-apis\1.4.01\xml-apis-1.4.01.jar;C:\Users\nagababu.parepalli\.m2\repository\org\apache\xmlgraphics\batik-ext\1.13\batik-ext-1.13.jar;C:\Users\nagababu.parepalli\.m2\repository\org\apache\xmlgraphics\batik-extension\1.13\batik-extension-1.13.jar;C:\Users\nagababu.parepalli\.m2\repository\org\apache\xmlgraphics\batik-gui-util\1.13\batik-gui-util-1.13.jar;C:\Users\nagababu.parepalli\.m2\repository\org\apache\xmlgraphics\batik-gvt\1.13\batik-gvt-1.13.jar;C:\Users\nagababu.parepalli\.m2\repository\org\apache\xmlgraphics\batik-i18n\1.13\batik-i18n-1.13.jar;C:\Users\nagababu.parepalli\.m2\repository\org\apache\xmlgraphics\batik-parser\1.13\batik-parser-1.13.jar;C:\Users\nagababu.parepalli\.m2\repository\org\apache\xmlgraphics\batik-rasterizer-ext\1.13\batik-rasterizer-ext-1.13.jar;C:\Users\nagababu.parepalli\.m2\repository\org\apache\xmlgraphics\batik-rasterizer\1.13\batik-rasterizer-1.13.jar;C:\Users\nagababu.parepalli\.m2\repository\org\apache\xmlgraphics\batik-script\1.13\batik-script-1.13.jar;C:\Users\nagababu.parepalli\.m2\repository\org\apache\xmlgraphics\batik-slideshow\1.13\batik-slideshow-1.13.jar;C:\Users\nagababu.parepalli\.m2\repository\org\apache\xmlgraphics\batik-squiggle-ext\1.13\batik-squiggle-ext-1.13.jar;C:\Users\nagababu.parepalli\.m2\repository\org\apache\xmlgraphics\batik-squiggle\1.13\batik-squiggle-1.13.jar;C:\Users\nagababu.parepalli\.m2\repository\org\apache\xmlgraphics\batik-svg-dom\1.13\batik-svg-dom-1.13.jar;C:\Users\nagababu.parepalli\.m2\repository\org\apache\xmlgraphics\batik-svgbrowser\1.13\batik-svgbrowser-1.13.jar;C:\Users\nagababu.parepalli\.m2\repository\org\apache\xmlgraphics\batik-svggen\1.13\batik-svggen-1.13.jar;C:\Users\nagababu.parepalli\.m2\repository\org\apache\xmlgraphics\batik-svgpp\1.13\batik-svgpp-1.13.jar;C:\Users\nagababu.parepalli\.m2\repository\org\apache\xmlgraphics\batik-svgrasterizer\1.13\batik-svgrasterizer-1.13.jar;C:\Users\nagababu.parepalli\.m2\repository\org\apache\xmlgraphics\batik-swing\1.13\batik-swing-1.13.jar;C:\Users\nagababu.parepalli\.m2\repository\org\apache\xmlgraphics\batik-transcoder\1.13\batik-transcoder-1.13.jar;C:\Users\nagababu.parepalli\.m2\repository\org\apache\xmlgraphics\batik-util\1.13\batik-util-1.13.jar;C:\Users\nagababu.parepalli\.m2\repository\org\apache\xmlgraphics\batik-ttf2svg\1.13\batik-ttf2svg-1.13.jar;C:\Users\nagababu.parepalli\.m2\repository\org\apache\xmlgraphics\batik-xml\1.13\batik-xml-1.13.jar;C:\Users\nagababu.parepalli\.m2\repository\de\rototor\pdfbox\graphics2d\0.30\graphics2d-0.30.jar;C:\Users\nagababu.parepalli\.m2\repository\org\apache\pdfbox\pdfbox\2.0.22\pdfbox-2.0.22.jar;C:\Users\nagababu.parepalli\.m2\repository\org\apache\pdfbox\fontbox\2.0.22\fontbox-2.0.22.jar;C:\Users\nagababu.parepalli\.m2\repository\org\apache\poi\poi-scratchpad\5.0.0\poi-scratchpad-5.0.0.jar;"/>
    <property name="sun.cpu.endian" value="little"/>
    <property name="user.home" value="C:\Users\nagababu.parepalli"/>
    <property name="user.language" value="en"/>
    <property name="java.specification.vendor" value="Oracle Corporation"/>
    <property name="java.version.date" value="2020-07-14"/>
    <property name="java.home" value="C:\Program Files\Amazon Corretto\jdk11.0.8_10"/>
    <property name="file.separator" value="\"/>
    <property name="basedir" value="C:\Users\nagababu.parepalli\eclipse-workspace\RmsCustomerPortal"/>
    <property name="java.vm.compressedOopsMode" value="Zero based"/>
    <property name="line.separator" value="&#10;"/>
    <property name="java.specification.name" value="Java Platform API Specification"/>
    <property name="java.vm.specification.vendor" value="Oracle Corporation"/>
    <property name="java.awt.graphicsenv" value="sun.awt.Win32GraphicsEnvironment"/>
    <property name="surefire.real.class.path" value="C:\Users\nagababu.parepalli\AppData\Local\Temp\surefire230751512389319909\surefirebooter7031783344677225760.jar"/>
    <property name="user.script" value=""/>
    <property name="sun.management.compiler" value="HotSpot 64-Bit Tiered Compilers"/>
    <property name="java.runtime.version" value="11.0.8+10-LTS"/>
    <property name="user.name" value="nagababu.parepalli"/>
    <property name="path.separator" value=";"/>
    <property name="os.version" value="10.0"/>
    <property name="java.runtime.name" value="OpenJDK Runtime Environment"/>
    <property name="file.encoding" value="Cp1252"/>
    <property name="java.vm.name" value="OpenJDK 64-Bit Server VM"/>
    <property name="java.vendor.version" value="Corretto-11.0.8.10.1"/>
    <property name="localRepository" value="C:\Users\nagababu.parepalli\.m2\repository"/>
    <property name="java.vendor.url.bug" value="https://github.com/corretto/corretto-11/issues/"/>
    <property name="java.io.tmpdir" value="C:\Users\NAGABA~1.PAR\AppData\Local\Temp\"/>
    <property name="java.version" value="11.0.8"/>
    <property name="user.dir" value="C:\Users\nagababu.parepalli\eclipse-workspace\RmsCustomerPortal"/>
    <property name="os.arch" value="amd64"/>
    <property name="java.vm.specification.name" value="Java Virtual Machine Specification"/>
    <property name="java.awt.printerjob" value="sun.awt.windows.WPrinterJob"/>
    <property name="sun.os.patch.level" value=""/>
    <property name="java.library.path" value="C:\Program Files\Amazon Corretto\jdk11.0.8_10\bin;C:\WINDOWS\Sun\Java\bin;C:\WINDOWS\system32;C:\WINDOWS;C:\Python39\Scripts\;C:\Python39\;C:\Program Files\AdoptOpenJDK\jdk-11.0.8.10-hotspot\bin;C:\Program Files\Amazon Corretto\jdk11.0.8_10\bin;C:\Program Files\Amazon Corretto\jdk1.8.0_265\bin;C:\Program Files (x86)\Amazon Corretto\jdk1.8.0_265\bin;C:\Program Files\AdoptOpenJDK\jdk-8.0.265.01-hotspot\bin;C:\Program Files (x86)\AdoptOpenJDK\jdk-8.0.265.01-hotspot\bin;C:\Program Files\AdoptOpenJDK\jre-8.0.265.01-hotspot\bin;C:\Program Files\AdoptOpenJDK\jre-11.0.8.10-hotspot\bin;C:\Program Files (x86)\AdoptOpenJDK\jre-8.0.265.01-hotspot\bin;C:\Windows\system32;C:\Windows;C:\Windows\System32\Wbem;C:\Windows\System32\WindowsPowerShell\v1.0\;C:\Windows\System32\OpenSSH\;C:\Program Files (x86)\Intel\Intel(R) Management Engine Components\DAL;C:\Program Files\Intel\Intel(R) Management Engine Components\DAL;C:\Program Files (x86)\NVIDIA Corporation\PhysX\Common;C:\Program Files\NVIDIA Corporation\NVIDIA NvDLISR;C:\WINDOWS\system32;C:\WINDOWS;C:\WINDOWS\System32\Wbem;C:\WINDOWS\System32\WindowsPowerShell\v1.0\;C:\WINDOWS\System32\OpenSSH\;C:\Program Files\nodejs\;C:\ProgramData\chocolatey\bin;C:\Program Files\Git\cmd;C:\Program Files (x86)\Microsoft SQL Server\150\DTS\Binn\;C:\Users\nagababu.parepalli\apache-maven-3.8.2\bin;C:\Users\nagababu.parepalli\AppData\Local\Microsoft\WindowsApps;;C:\Users\nagababu.parepalli\AppData\Local\Programs\Fiddler;."/>
    <property name="java.vm.info" value="mixed mode"/>
    <property name="java.vendor" value="Amazon.com Inc."/>
    <property name="java.vm.version" value="11.0.8+10-LTS"/>
    <property name="sun.io.unicode.encoding" value="UnicodeLittle"/>
    <property name="java.class.version" value="55.0"/>
  </properties>
  <testcase name="login" classname="RMSV2.RMSCustomerPortal.RMS_Login_out" time="19.628">
    <system-out><![CDATA[login with Creds : Username:Zarif.Mohd & Password:Kick4Thy
RMS customer portal Login is succesfull for user: Welcome Zarif.Mohd
]]></system-out>
    <system-err><![CDATA[Starting ChromeDriver 95.0.4638.17 (a9d0719444d4b035e284ed1fce73bf6ccd789df2-refs/branch-heads/4638@{#178}) on port 26376
Only local connections are allowed.
Please see https://chromedriver.chromium.org/security-considerations for suggestions on keeping ChromeDriver safe.
ChromeDriver was started successfully.
Nov 03, 2021 1:08:33 PM org.openqa.selenium.remote.ProtocolHandshake createSession
INFO: Detected dialect: W3C
]]></system-err>
  </testcase>
  <testcase name="logout" classname="RMSV2.RMSCustomerPortal.RMS_Login_out" time="3.45">
    <system-out><![CDATA[Logout is successful
]]></system-out>
  </testcase>
  <testcase name="login" classname="RMSV2.RMSCustomerPortal.indexreportrequestExcelData" time="20.601">
    <system-out><![CDATA[login with Creds : Username:Zarif.Mohd & Password:Kick4Thy
RMS customer portal Login is succesfull for user: Welcome Zarif.Mohd
]]></system-out>
    <system-err><![CDATA[Starting ChromeDriver 95.0.4638.17 (a9d0719444d4b035e284ed1fce73bf6ccd789df2-refs/branch-heads/4638@{#178}) on port 12491
Only local connections are allowed.
Please see https://chromedriver.chromium.org/security-considerations for suggestions on keeping ChromeDriver safe.
ChromeDriver was started successfully.
Nov 03, 2021 1:09:45 PM org.openqa.selenium.remote.ProtocolHandshake createSession
INFO: Detected dialect: W3C
]]></system-err>
  </testcase>
  <testcase name="IndexOnlyRequest[Naga, 979879879, 1/7/2021, Test, New York, 10001, 9798798797, 11/15/2021, Appointment, Chiranjivi, Konidela, New Patient Consultation, Records](1)" classname="RMSV2.RMSCustomerPortal.indexreportrequestExcelData" time="365.354">
    <system-out><![CDATA[New patient request tab is opened
Checking for existing  Patient profiles
patient profiles tab is opened
Creating a new patient profile
CHOOSE RETRIEVAL OPTIONS Screen is displayed
Retreival options are set and user can upload the files in next screen 
No.of reports uploaded : 1
Provider screen is displayed
Request indexing toggle is off? : true
INDEXING ONLY REQUEST toggle is enabled
Reports For Indexing request is submitted
Records tab page is displayed
Searching the request
Dashboard page is displayed
Searching started
Seacrh completed. No.of patient records found: 1
patient digest page is displayed
Case No for Naga03-11-2021 13-11-35 request is :1504854
]]></system-out>
  </testcase>
  <testcase name="IndexOnlyRequest[Nagi, 979879999, 1/7/2021, Test, New York, 10001, 9798798798, 11/15/2021, Review, Abhinav, Kundra, Follow Up Visit, Records](2)" classname="RMSV2.RMSCustomerPortal.indexreportrequestExcelData" time="122.064">
    <system-out><![CDATA[New patient request tab is opened
Checking for existing  Patient profiles
patient profiles tab is opened
Creating a new patient profile
CHOOSE RETRIEVAL OPTIONS Screen is displayed
Retreival options are set and user can upload the files in next screen 
No.of reports uploaded : 1
Provider screen is displayed
Request indexing toggle is off? : true
INDEXING ONLY REQUEST toggle is enabled
Reports For Indexing request is submitted
Records tab page is displayed
Searching the request
Dashboard page is displayed
Searching started
Seacrh completed. No.of patient records found: 1
patient digest page is displayed
Case No for Nagi03-11-2021 13-17-41 request is :1504855
]]></system-out>
  </testcase>
  <testcase name="IndexOnlyRequest[Anil, 979879888, 1/7/2021, Test, New York, 10001, 9798798799, 11/15/2021, Appointment, Farhan, Akhtar, Patient Evaluation, Records](3)" classname="RMSV2.RMSCustomerPortal.indexreportrequestExcelData" time="123.998">
    <system-out><![CDATA[New patient request tab is opened
Checking for existing  Patient profiles
patient profiles tab is opened
Creating a new patient profile
CHOOSE RETRIEVAL OPTIONS Screen is displayed
Retreival options are set and user can upload the files in next screen 
No.of reports uploaded : 1
Provider screen is displayed
Request indexing toggle is off? : true
INDEXING ONLY REQUEST toggle is enabled
Reports For Indexing request is submitted
Records tab page is displayed
Searching the request
Dashboard page is displayed
Searching started
Seacrh completed. No.of patient records found: 1
patient digest page is displayed
Case No for Anil03-11-2021 13-19-43 request is :1504856
]]></system-out>
  </testcase>
  <testcase name="login" classname="RMSV2.RMSCustomerPortal.singleProviderRequestExceldata" time="31.879">
    <system-out><![CDATA[login with Creds : Username:Zarif.Mohd & Password:Kick4Thy
RMS customer portal Login is succesfull for user: Welcome Zarif.Mohd
]]></system-out>
    <system-err><![CDATA[Starting ChromeDriver 95.0.4638.17 (a9d0719444d4b035e284ed1fce73bf6ccd789df2-refs/branch-heads/4638@{#178}) on port 46273
Only local connections are allowed.
Please see https://chromedriver.chromium.org/security-considerations for suggestions on keeping ChromeDriver safe.
ChromeDriver was started successfully.
Nov 03, 2021 1:21:48 PM org.openqa.selenium.remote.ProtocolHandshake createSession
INFO: Detected dialect: W3C
]]></system-err>
  </testcase>
  <testcase name="ProviderRequest[Naga, 979879879, 1/7/2021, Test, New York, 10001, 9798798797, 11/15/2021, Appointment, Chiranjivi, Konidela, New Patient Consultation, Records, 360 TRUCKING LLC, Illinois, Chicago Ridge, Records Template, , ](1)" classname="RMSV2.RMSCustomerPortal.singleProviderRequestExceldata" time="433.185">
    <system-out><![CDATA[New patient request tab is opened
Checking for existing  Patient profiles
patient profiles tab is opened
Creating a new patient profile
CHOOSE RETRIEVAL OPTIONS Screen is displayed
Retreival options are set and user can upload the files in next screen 
Provider screen is displayed
Waiting fro the recent providers
Template page is displayed
Record template
Records template items loaded
Searching the request
Dashboard page is displayed
Searching started
Seacrh completed. No.of patient records found: 1
patient digest page is displayed
Case No for Naga03-11-2021 13-23-36 request is :1504857
]]></system-out>
  </testcase>
  <testcase name="ProviderRequest[Nagi, 979879999, 1/7/2021, Test, New York, 10001, 9798798798, 11/15/2021, Review, Abhinav, Kundra, Follow Up Visit, Records, 360 TRUCKING LLC, Illinois, Chicago Ridge, , Images template, ](2)" classname="RMSV2.RMSCustomerPortal.singleProviderRequestExceldata" time="172.102">
    <system-out><![CDATA[New patient request tab is opened
Checking for existing  Patient profiles
patient profiles tab is opened
Creating a new patient profile
CHOOSE RETRIEVAL OPTIONS Screen is displayed
Retreival options are set and user can upload the files in next screen 
Provider screen is displayed
Waiting fro the recent providers
Template page is displayed
image template
Image template method
image template items loaded
Searching the request
Dashboard page is displayed
Searching started
Seacrh completed. No.of patient records found: 1
patient digest page is displayed
Case No for Nagi03-11-2021 13-30-49 request is :1504858
]]></system-out>
  </testcase>
  <testcase name="ProviderRequest[Anil, 979879888, 1/7/2021, Test, New York, 10001, 9798798799, 11/15/2021, Appointment, Farhan, Akhtar, Patient Evaluation, Records, 360 TRUCKING LLC, Illinois, Chicago Ridge, , , Pathology template](3)" classname="RMSV2.RMSCustomerPortal.singleProviderRequestExceldata" time="134.426">
    <system-out><![CDATA[New patient request tab is opened
Checking for existing  Patient profiles
patient profiles tab is opened
Creating a new patient profile
CHOOSE RETRIEVAL OPTIONS Screen is displayed
Retreival options are set and user can upload the files in next screen 
Provider screen is displayed
Waiting fro the recent providers
Template page is displayed
path template
pathology template method
Pathology template items loaded
Searching the request
Dashboard page is displayed
Searching started
Seacrh completed. No.of patient records found: 1
patient digest page is displayed
Case No for Anil03-11-2021 13-33-41 request is :1504859
]]></system-out>
  </testcase>
  <testcase name="ProviderRequest[Anand, 979879889, 1/7/2021, Test, New York, 10001, 9798798799, 11/15/2021, Appointment, Farhan, Akhtar, Patient Evaluation, Records, 360 TRUCKING LLC, Illinois, Chicago Ridge, Records Template, Images template, Pathology template](4)" classname="RMSV2.RMSCustomerPortal.singleProviderRequestExceldata" time="160.923">
    <system-out><![CDATA[New patient request tab is opened
Checking for existing  Patient profiles
patient profiles tab is opened
Creating a new patient profile
CHOOSE RETRIEVAL OPTIONS Screen is displayed
Retreival options are set and user can upload the files in next screen 
Provider screen is displayed
Waiting fro the recent providers
Template page is displayed
All templates
Records template items loaded
Image template method
image template items loaded
pathology template method
Pathology template items loaded
Searching the request
Dashboard page is displayed
Searching started
Seacrh completed. No.of patient records found: 1
patient digest page is displayed
Case No for Anand03-11-2021 13-35-55 request is :1504860
]]></system-out>
  </testcase>
</testsuite>