<?xml version="1.0" encoding="UTF-8"?>
<!-- Generated by org.testng.reporters.JUnitReportReporter -->
<testsuite hostname="eHLT-LAP-0037" failures="0" tests="2" name="RMSV2.RMSCustomerPortal.RMS_Login_out" time="90.459" errors="0" timestamp="2021-10-26T14:03:39 IST" skipped="0">
  <testcase classname="RMSV2.RMSCustomerPortal.RMS_Login_out" name="login" time="75.678"/>
  <system-out/>
  <testcase classname="RMSV2.RMSCustomerPortal.RMS_Login_out" name="logout" time="14.781"/>
  <system-out/>
</testsuite> <!-- RMSV2.RMSCustomerPortal.RMS_Login_out -->
