<?xml version="1.0" encoding="UTF-8"?>
<!-- Generated by org.testng.reporters.JUnitReportReporter -->
<testsuite hostname="eHLT-LAP-0037" failures="0" tests="2" name="RMSV2.RMSCustomerPortal.RMS_Login_out" time="33.369" errors="0" timestamp="2021-09-21T17:13:35 IST" skipped="0">
  <testcase classname="RMSV2.RMSCustomerPortal.RMS_Login_out" name="login" time="21.158"/>
  <system-out/>
  <testcase classname="RMSV2.RMSCustomerPortal.RMS_Login_out" name="logout" time="12.211"/>
  <system-out/>
</testsuite> <!-- RMSV2.RMSCustomerPortal.RMS_Login_out -->
