<?xml version="1.0" encoding="UTF-8"?>
<!-- Generated by org.testng.reporters.JUnitReportReporter -->
<testsuite hostname="eHLT-LAP-0037" failures="0" tests="6" name="RMSV2.RMSCustomerPortal.singleProviderRequest" time="146.318" errors="0" timestamp="2021-10-26T14:03:39 IST" skipped="0">
  <testcase classname="RMSV2.RMSCustomerPortal.singleProviderRequest" name="uploadfilesNext" time="10.696"/>
  <system-out/>
  <testcase classname="RMSV2.RMSCustomerPortal.singleProviderRequest" name="searchCreatedRequest" time="13.496"/>
  <system-out/>
  <testcase classname="RMSV2.RMSCustomerPortal.singleProviderRequest" name="ChooseRetrievalOptions" time="28.684"/>
  <system-out/>
  <testcase classname="RMSV2.RMSCustomerPortal.singleProviderRequest" name="singleLocationProvider" time="37.681"/>
  <system-out/>
  <testcase classname="RMSV2.RMSCustomerPortal.singleProviderRequest" name="PatientDetails" time="47.825"/>
  <system-out/>
  <testcase classname="RMSV2.RMSCustomerPortal.singleProviderRequest" name="login" time="7.936"/>
  <system-out/>
</testsuite> <!-- RMSV2.RMSCustomerPortal.singleProviderRequest -->
