<?xml version="1.0" encoding="UTF-8"?>
<!-- Generated by org.testng.reporters.JUnitReportReporter -->
<testsuite hostname="eHLT-LAP-0037" failures="0" tests="3" name="RMSV2.RMSCustomerPortal.singleProviderRequestExceldata" time="309.517" errors="0" timestamp="2021-12-16T19:37:03 IST" skipped="0">
  <testcase classname="RMSV2.RMSCustomerPortal.singleProviderRequestExceldata" name="ProviderRequest" time="122.420"/>
  <system-out/>
  <testcase classname="RMSV2.RMSCustomerPortal.singleProviderRequestExceldata" name="ProviderRequest" time="151.710"/>
  <system-out/>
  <testcase classname="RMSV2.RMSCustomerPortal.singleProviderRequestExceldata" name="login" time="35.387"/>
  <system-out/>
</testsuite> <!-- RMSV2.RMSCustomerPortal.singleProviderRequestExceldata -->
