<?xml version="1.0" encoding="UTF-8"?>
<!-- Generated by org.testng.reporters.JUnitReportReporter -->
<testsuite hostname="eHLT-LAP-0037" failures="0" tests="3" name="RMSV2.RMSCustomerPortal.singleProviderRequestExceldata" time="623.505" errors="0" timestamp="2021-11-14T12:40:18 IST" skipped="0">
  <testcase classname="RMSV2.RMSCustomerPortal.singleProviderRequestExceldata" name="ProviderRequest" time="225.644"/>
  <system-out/>
  <testcase classname="RMSV2.RMSCustomerPortal.singleProviderRequestExceldata" name="ProviderRequest" time="316.164"/>
  <system-out/>
  <testcase classname="RMSV2.RMSCustomerPortal.singleProviderRequestExceldata" name="login" time="81.697"/>
  <system-out/>
</testsuite> <!-- RMSV2.RMSCustomerPortal.singleProviderRequestExceldata -->
