<?xml version="1.0" encoding="UTF-8"?>
<!-- Generated by org.testng.reporters.JUnitReportReporter -->
<testsuite hostname="eHLT-LAP-0037" failures="0" tests="6" name="RMSV2.RMSCustomerPortal.indexreportrequest" time="165.372" errors="0" timestamp="2021-10-26T14:03:39 IST" skipped="0">
  <testcase classname="RMSV2.RMSCustomerPortal.indexreportrequest" name="uploadfiles" time="23.226"/>
  <system-out/>
  <testcase classname="RMSV2.RMSCustomerPortal.indexreportrequest" name="searchrequest" time="10.200"/>
  <system-out/>
  <testcase classname="RMSV2.RMSCustomerPortal.indexreportrequest" name="PatientDetails" time="58.800"/>
  <system-out/>
  <testcase classname="RMSV2.RMSCustomerPortal.indexreportrequest" name="ChooseRetrievalOptions" time="30.817"/>
  <system-out/>
  <testcase classname="RMSV2.RMSCustomerPortal.indexreportrequest" name="indexOnlyrequest" time="27.023"/>
  <system-out/>
  <testcase classname="RMSV2.RMSCustomerPortal.indexreportrequest" name="login" time="15.306"/>
  <system-out/>
</testsuite> <!-- RMSV2.RMSCustomerPortal.indexreportrequest -->
