<?xml version="1.0" encoding="UTF-8"?>
<!-- Generated by org.testng.reporters.JUnitReportReporter -->
<testsuite hostname="eHLT-LAP-0037" failures="0" tests="3" name="resources.ExcelDataProvider" time="0.012" errors="0" timestamp="2021-10-26T22:26:46 IST" skipped="0">
  <testcase classname="resources.ExcelDataProvider" name="test" time="0.009"/>
  <system-out/>
  <testcase classname="resources.ExcelDataProvider" name="test" time="0.001"/>
  <system-out/>
  <testcase classname="resources.ExcelDataProvider" name="test" time="0.002"/>
  <system-out/>
</testsuite> <!-- resources.ExcelDataProvider -->
