<?xml version="1.0" encoding="UTF-8"?>
<!-- Generated by org.testng.reporters.JUnitReportReporter -->
<testsuite hostname="eHLT-LAP-0037" failures="0" tests="2" name="RMSV2.RMSCustomerPortal.indexreportrequest2" time="173.026" errors="0" timestamp="2021-10-28T08:21:10 IST" skipped="0">
  <testcase classname="RMSV2.RMSCustomerPortal.indexreportrequest2" name="PatientDetails" time="161.108"/>
  <system-out/>
  <testcase classname="RMSV2.RMSCustomerPortal.indexreportrequest2" name="login" time="11.918"/>
  <system-out/>
</testsuite> <!-- RMSV2.RMSCustomerPortal.indexreportrequest2 -->
