<?xml version="1.0" encoding="UTF-8"?>
<!-- Generated by org.testng.reporters.JUnitReportReporter -->
<testsuite hostname="eHLT-LAP-0037" failures="0" tests="5" name="RMSV2.RMSCustomerPortal.singleProviderRequestExceldata" time="659.683" errors="0" timestamp="2021-11-11T11:03:15 IST" skipped="0">
  <testcase classname="RMSV2.RMSCustomerPortal.singleProviderRequestExceldata" name="ProviderRequest" time="89.418"/>
  <system-out/>
  <testcase classname="RMSV2.RMSCustomerPortal.singleProviderRequestExceldata" name="ProviderRequest" time="103.644"/>
  <system-out/>
  <testcase classname="RMSV2.RMSCustomerPortal.singleProviderRequestExceldata" name="ProviderRequest" time="267.259"/>
  <system-out/>
  <testcase classname="RMSV2.RMSCustomerPortal.singleProviderRequestExceldata" name="ProviderRequest" time="139.046"/>
  <system-out/>
  <testcase classname="RMSV2.RMSCustomerPortal.singleProviderRequestExceldata" name="login" time="60.316"/>
  <system-out/>
</testsuite> <!-- RMSV2.RMSCustomerPortal.singleProviderRequestExceldata -->
