<?xml version="1.0" encoding="UTF-8"?>
<!-- Generated by org.testng.reporters.JUnitReportReporter -->
<testsuite hostname="eHLT-LAP-0037" failures="0" tests="3" name="RMSV2.RMSCustomerPortal.singleProviderRequestExceldata" time="291.959" errors="0" timestamp="2021-12-16T17:03:49 IST" skipped="0">
  <testcase classname="RMSV2.RMSCustomerPortal.singleProviderRequestExceldata" name="ProviderRequest" time="139.875"/>
  <system-out/>
  <testcase classname="RMSV2.RMSCustomerPortal.singleProviderRequestExceldata" name="ProviderRequest" time="119.483"/>
  <system-out/>
  <testcase classname="RMSV2.RMSCustomerPortal.singleProviderRequestExceldata" name="login" time="32.601"/>
  <system-out/>
</testsuite> <!-- RMSV2.RMSCustomerPortal.singleProviderRequestExceldata -->
