<?xml version="1.0" encoding="UTF-8"?>
<!-- Generated by org.testng.reporters.JUnitReportReporter -->
<testsuite hostname="eHLT-LAP-0037" failures="0" tests="5" name="RMSV2.RMSCustomerPortal.singleProviderRequestExceldata" time="932.399" errors="0" timestamp="2021-11-03T13:38:37 IST" skipped="0">
  <testcase classname="RMSV2.RMSCustomerPortal.singleProviderRequestExceldata" name="ProviderRequest" time="172.216"/>
  <system-out/>
  <testcase classname="RMSV2.RMSCustomerPortal.singleProviderRequestExceldata" name="ProviderRequest" time="433.024"/>
  <system-out/>
  <testcase classname="RMSV2.RMSCustomerPortal.singleProviderRequestExceldata" name="ProviderRequest" time="160.867"/>
  <system-out/>
  <testcase classname="RMSV2.RMSCustomerPortal.singleProviderRequestExceldata" name="ProviderRequest" time="134.402"/>
  <system-out/>
  <testcase classname="RMSV2.RMSCustomerPortal.singleProviderRequestExceldata" name="login" time="31.890"/>
  <system-out/>
</testsuite> <!-- RMSV2.RMSCustomerPortal.singleProviderRequestExceldata -->
