<?xml version="1.0" encoding="UTF-8"?>
<!-- Generated by org.testng.reporters.JUnitReportReporter -->
<testsuite hostname="eHLT-LAP-0037" failures="0" tests="6" name="RMSV2.RMSCustomerPortal.indexreportrequest" time="246.739" errors="0" timestamp="2021-09-24T10:03:19 IST" skipped="0">
  <testcase classname="RMSV2.RMSCustomerPortal.indexreportrequest" name="uploadfiles" time="37.502"/>
  <system-out/>
  <testcase classname="RMSV2.RMSCustomerPortal.indexreportrequest" name="searchrequest" time="32.572"/>
  <system-out/>
  <testcase classname="RMSV2.RMSCustomerPortal.indexreportrequest" name="indexOnlyrequest" time="44.053"/>
  <system-out/>
  <testcase classname="RMSV2.RMSCustomerPortal.indexreportrequest" name="ChooseRetrievalOptions" time="28.253"/>
  <system-out/>
  <testcase classname="RMSV2.RMSCustomerPortal.indexreportrequest" name="PatientDetails" time="55.379"/>
  <system-out/>
  <testcase classname="RMSV2.RMSCustomerPortal.indexreportrequest" name="login" time="48.980"/>
  <system-out/>
</testsuite> <!-- RMSV2.RMSCustomerPortal.indexreportrequest -->
