<?xml version="1.0" encoding="UTF-8"?>
<!-- Generated by org.testng.reporters.JUnitReportReporter -->
<testsuite hostname="eHLT-LAP-0037" failures="0" tests="2" name="RMSV2.RMSCustomerPortal.RMS_Login_out" time="23.106" errors="0" timestamp="2021-11-03T13:38:37 IST" skipped="0">
  <testcase classname="RMSV2.RMSCustomerPortal.RMS_Login_out" name="login" time="19.656"/>
  <system-out/>
  <testcase classname="RMSV2.RMSCustomerPortal.RMS_Login_out" name="logout" time="3.450"/>
  <system-out/>
</testsuite> <!-- RMSV2.RMSCustomerPortal.RMS_Login_out -->
