<?xml version="1.0" encoding="UTF-8"?>
<!-- Generated by org.testng.reporters.JUnitReportReporter -->
<testsuite hostname="eHLT-LAP-0037" failures="0" tests="2" name="RMSV2.RMSCustomerPortal.RMS_Login_out" time="34.210" errors="0" timestamp="2021-09-24T10:03:19 IST" skipped="0">
  <testcase classname="RMSV2.RMSCustomerPortal.RMS_Login_out" name="login" time="20.478"/>
  <system-out/>
  <testcase classname="RMSV2.RMSCustomerPortal.RMS_Login_out" name="logout" time="13.732"/>
  <system-out/>
</testsuite> <!-- RMSV2.RMSCustomerPortal.RMS_Login_out -->
