<?xml version="1.0" encoding="UTF-8"?>
<!-- Generated by org.testng.reporters.JUnitReportReporter -->
<testsuite hostname="eHLT-LAP-0037" failures="0" tests="4" name="RMSV2.RMSCustomerPortal.indexreportrequestExcelData" time="632.022" errors="0" timestamp="2021-11-03T13:38:37 IST" skipped="0">
  <testcase classname="RMSV2.RMSCustomerPortal.indexreportrequestExcelData" name="IndexOnlyRequest" time="365.344"/>
  <system-out/>
  <testcase classname="RMSV2.RMSCustomerPortal.indexreportrequestExcelData" name="IndexOnlyRequest" time="123.996"/>
  <system-out/>
  <testcase classname="RMSV2.RMSCustomerPortal.indexreportrequestExcelData" name="IndexOnlyRequest" time="122.064"/>
  <system-out/>
  <testcase classname="RMSV2.RMSCustomerPortal.indexreportrequestExcelData" name="login" time="20.618"/>
  <system-out/>
</testsuite> <!-- RMSV2.RMSCustomerPortal.indexreportrequestExcelData -->
